<?xml version="1.0" encoding="UTF-8"?>
<!-- Generated by org.testng.reporters.JUnitXMLReporter -->
<testsuite ignored="0" hostname="FB-72" failures="0" tests="8" name="Default test" time="3.274" errors="0" timestamp="2021-09-20T16:04:42 EET">
  <testcase classname="bases.CorporateModuleBase" name="@BeforeClass openWebsite" time="-1.632146679205E9">
    <failure type="org.testng.TestNGException" message="
Parameter &amp;apos;browserType&amp;apos; is required by BeforeClass on method openWebsite but has not been marked @Optional or defined
in C:\Users\abdallah.elnabawy\AppData\Local\Temp\testng-eclipse-896107339\testng-customsuite.xml">
      <![CDATA[org.testng.TestNGException: 
Parameter 'browserType' is required by BeforeClass on method openWebsite but has not been marked @Optional or defined
in C:\Users\abdallah.elnabawy\AppData\Local\Temp\testng-eclipse-896107339\testng-customsuite.xml
at org.testng.internal.Parameters.createParams(Parameters.java:268)
at org.testng.internal.Parameters.createParametersForMethod(Parameters.java:356)
at org.testng.internal.Parameters.createParameters(Parameters.java:700)
at org.testng.internal.Parameters.createConfigurationParameters(Parameters.java:166)
at org.testng.internal.ConfigInvoker.invokeConfigurations(ConfigInvoker.java:301)
at org.testng.internal.TestMethodWorker.invokeBeforeClassMethods(TestMethodWorker.java:176)
at org.testng.internal.TestMethodWorker.run(TestMethodWorker.java:122)
at java.base/java.util.ArrayList.forEach(ArrayList.java:1511)
at org.testng.TestRunner.privateRun(TestRunner.java:764)
at org.testng.TestRunner.run(TestRunner.java:585)
at org.testng.SuiteRunner.runTest(SuiteRunner.java:384)
at org.testng.SuiteRunner.runSequentially(SuiteRunner.java:378)
at org.testng.SuiteRunner.privateRun(SuiteRunner.java:337)
at org.testng.SuiteRunner.run(SuiteRunner.java:286)
at org.testng.SuiteRunnerWorker.runSuite(SuiteRunnerWorker.java:53)
at org.testng.SuiteRunnerWorker.run(SuiteRunnerWorker.java:96)
at org.testng.TestNG.runSuitesSequentially(TestNG.java:1218)
at org.testng.TestNG.runSuitesLocally(TestNG.java:1140)
at org.testng.TestNG.runSuites(TestNG.java:1069)
at org.testng.TestNG.run(TestNG.java:1037)
at org.testng.remote.AbstractRemoteTestNG.run(AbstractRemoteTestNG.java:115)
at org.testng.remote.RemoteTestNG.initAndRun(RemoteTestNG.java:251)
at org.testng.remote.RemoteTestNG.main(RemoteTestNG.java:77)
]]>
    </failure>
  </testcase> <!-- @BeforeClass openWebsite -->
  <testcase classname="bases.CorporateModuleBase" name="@BeforeMethod reportStartTest" time="-1.63214668067E9">
    <skipped/>
  </testcase> <!-- @BeforeMethod reportStartTest -->
  <testcase classname="bases.CorporateModuleBase" name="@BeforeMethod reportStartTest" time="-1.632146681078E9">
    <skipped/>
  </testcase> <!-- @BeforeMethod reportStartTest -->
  <testcase classname="bases.CorporateModuleBase" name="@BeforeMethod reportStartTest" time="-1.632146681395E9">
    <skipped/>
  </testcase> <!-- @BeforeMethod reportStartTest -->
  <testcase classname="bases.CorporateModuleBase" name="@BeforeMethod reportStartTest" time="-1.632146681723E9">
    <skipped/>
  </testcase> <!-- @BeforeMethod reportStartTest -->
  <testcase classname="bases.CorporateModuleBase" name="@BeforeMethod reportStartTest" time="-1.63214668197E9">
    <skipped/>
  </testcase> <!-- @BeforeMethod reportStartTest -->
  <testcase classname="bases.CorporateModuleBase" name="@BeforeMethod reportStartTest" time="-1.632146682193E9">
    <skipped/>
  </testcase> <!-- @BeforeMethod reportStartTest -->
  <testcase classname="bases.CorporateModuleBase" name="@BeforeMethod reportStartTest" time="-1.632146682437E9">
    <skipped/>
  </testcase> <!-- @BeforeMethod reportStartTest -->
  <testcase classname="bases.CorporateModuleBase" name="@BeforeMethod reportStartTest" time="-1.632146682445E9">
    <skipped/>
  </testcase> <!-- @BeforeMethod reportStartTest -->
  <testcase classname="corporateModuleTestCases.CorporateCreation" name="superadminLogin" time="0.0">
    <skipped/>
  </testcase> <!-- superadminLogin -->
  <testcase classname="corporateModuleTestCases.CorporateCreation" name="corporateCreation" time="0.0">
    <skipped/>
  </testcase> <!-- corporateCreation -->
  <testcase classname="corporateModuleTestCases.CorporateCreation" name="corporateFiltration" time="0.0">
    <skipped/>
  </testcase> <!-- corporateFiltration -->
  <testcase classname="corporateModuleTestCases.CorporateCreation" name="corporateUpdating" time="0.0">
    <skipped/>
  </testcase> <!-- corporateUpdating -->
  <testcase classname="corporateModuleTestCases.CorporateCreation" name="poolCreation" time="0.0">
    <skipped/>
  </testcase> <!-- poolCreation -->
  <testcase classname="corporateModuleTestCases.CorporateCreation" name="voucherPoolCreation" time="0.0">
    <skipped/>
  </testcase> <!-- voucherPoolCreation -->
  <testcase classname="corporateModuleTestCases.CorporateCreation" name="AdminCreation" time="0.0">
    <skipped/>
  </testcase> <!-- AdminCreation -->
  <testcase classname="corporateModuleTestCases.CorporateCreation" name="AdminCreation" time="0.0">
    <skipped/>
  </testcase> <!-- AdminCreation -->
</testsuite> <!-- Default test -->
